<?xml version="1.0" encoding="UTF-8"?>
<!-- Generated by org.testng.reporters.JUnitReportReporter -->
<testsuite skipped="0" hostname="WHQPC-L34711" name="com.qa.githubAPI.tests.GetAPITest" tests="1" failures="0" timestamp="05 Dec 2018 18:58:03 GMT" time="1.493" errors="0">
  <testcase name="getTest" time="1.493" classname="com.qa.githubAPI.tests.GetAPITest"/>
</testsuite> <!-- com.qa.githubAPI.tests.GetAPITest -->
